Running 'gradlew :app:bundleRelease' in /home/expo/workingdir/build/farmconnect/frontend/android
Welcome to Gradle 8.10.2!
Here are the highlights of this release:
- Support for Java 23
- Faster configuration cache
- Better configuration cache reports
For more details see https://docs.gradle.org/8.10.2/release-notes.html
To honour the JVM settings for this build a single-use Daemon process will be forked. For more on this, please refer to https://docs.gradle.org/8.10.2/userguide/gradle_daemon.html#sec:disabling_the_daemon in the Gradle documentation.
Daemon will be stopped at the end of the build
> Task :gradle-plugin:settings-plugin:checkKotlinGradlePluginConfigurationErrors
> Task :gradle-plugin:shared:checkKotlinGradlePluginConfigurationErrors
> Task :gradle-plugin:settings-plugin:pluginDescriptors
> Task :gradle-plugin:settings-plugin:processResources
> Task :gradle-plugin:shared:processResources NO-SOURCE
> Task :gradle-plugin:shared:compileKotlin
> Task :gradle-plugin:shared:compileJava NO-SOURCE
> Task :gradle-plugin:shared:classes UP-TO-DATE
> Task :gradle-plugin:shared:jar
> Task :gradle-plugin:settings-plugin:compileKotlin
> Task :gradle-plugin:settings-plugin:compileJava NO-SOURCE
> Task :gradle-plugin:settings-plugin:classes
> Task :gradle-plugin:settings-plugin:jar
> Task :expo-updates-gradle-plugin:checkKotlinGradlePluginConfigurationErrors
> Task :gradle-plugin:react-native-gradle-plugin:checkKotlinGradlePluginConfigurationErrors
> Task :expo-updates-gradle-plugin:pluginDescriptors
> Task :expo-updates-gradle-plugin:processResources
> Task :gradle-plugin:react-native-gradle-plugin:pluginDescriptors
> Task :gradle-plugin:react-native-gradle-plugin:processResources
> Task :gradle-plugin:react-native-gradle-plugin:compileKotlin
> Task :gradle-plugin:react-native-gradle-plugin:compileJava NO-SOURCE
> Task :gradle-plugin:react-native-gradle-plugin:classes
> Task :gradle-plugin:react-native-gradle-plugin:jar
> Task :expo-updates-gradle-plugin:compileKotlin
> Task :expo-updates-gradle-plugin:compileJava NO-SOURCE
> Task :expo-updates-gradle-plugin:classes
> Task :expo-updates-gradle-plugin:jar
> Configure project :app
â„¹ï¸  [33mApplying gradle plugin[0m '[32mexpo-updates-gradle-plugin[0m' (expo-updates@0.27.4)
> Configure project :expo
Using expo modules
  - [32mexpo-asset[0m (11.0.5)
- [32mexpo-blur[0m (14.0.3)
  - [32mexpo-constants[0m (17.0.8)
  - [32mexpo-eas-client[0m (0.13.3)
  - [32mexpo-file-system[0m (18.0.12)
  - [32mexpo-font[0m (13.0.4)
  - [32mexpo-haptics[0m (14.0.1)
  - [32mexpo-image-loader[0m (5.0.0)
  - [32mexpo-image-picker[0m (16.0.6)
  - [32mexpo-json-utils[0m (0.14.0)
  - [32mexpo-keep-awake[0m (14.0.3)
  - [32mexpo-linking[0m (7.0.5)
  - [32mexpo-manifests[0m (0.15.8)
  - [32mexpo-modules-core[0m (2.2.3)
  - [32mexpo-splash-screen[0m (0.29.24)
- [32mexpo-structured-headers[0m (4.0.0)
  - [32mexpo-system-ui[0m (4.0.9)
  - [32mexpo-updates[0m (0.27.4)
  - [32mexpo-web-browser[0m (14.0.2)
> Configure project :react-native-reanimated
Android gradle plugin: 8.6.0
Gradle: 8.10.2
> Task :expo-blur:preBuild UP-TO-DATE
> Task :expo-blur:preReleaseBuild UP-TO-DATE
> Task :expo-asset:preBuild UP-TO-DATE
> Task :expo-asset:preReleaseBuild UP-TO-DATE
> Task :expo-blur:generateReleaseResValues
> Task :expo-asset:generateReleaseResValues
> Task :expo-blur:generateReleaseResources
> Task :expo-asset:generateReleaseResources
> Task :expo-blur:packageReleaseResources
> Task :expo-asset:packageReleaseResources
> Task :expo-eas-client:preBuild UP-TO-DATE
> Task :expo-eas-client:preReleaseBuild UP-TO-DATE
> Task :expo-eas-client:generateReleaseResValues
> Task :expo-eas-client:generateReleaseResources
> Task :expo-eas-client:packageReleaseResources
> Task :expo-file-system:preBuild UP-TO-DATE
> Task :expo-file-system:preReleaseBuild UP-TO-DATE
> Task :expo-file-system:generateReleaseResValues
> Task :expo-file-system:generateReleaseResources
> Task :expo-file-system:packageReleaseResources
> Task :expo-font:preBuild UP-TO-DATE
> Task :expo-font:preReleaseBuild
UP-TO-DATE
> Task :expo-font:generateReleaseResValues
> Task :expo-font:generateReleaseResources
> Task :expo-font:packageReleaseResources
> Task :expo-haptics:preBuild UP-TO-DATE
> Task :expo-haptics:preReleaseBuild UP-TO-DATE
> Task :expo-haptics:generateReleaseResValues
> Task :expo-haptics:generateReleaseResources
> Task :expo-haptics:packageReleaseResources
> Task :expo-image-loader:preBuild UP-TO-DATE
> Task :expo-image-loader:preReleaseBuild UP-TO-DATE
> Task :expo-image-loader:generateReleaseResValues
> Task :expo-image-loader:generateReleaseResources
> Task :expo:generateExpoModulesPackageListTask
> Task :expo:preBuild
> Task :expo:preReleaseBuild
> Task :expo:generateReleaseResValues
> Task :expo-image-loader:packageReleaseResources
> Task :expo-image-picker:preBuild UP-TO-DATE
> Task :expo-image-picker:preReleaseBuild UP-TO-DATE
> Task :expo-image-picker:generateReleaseResValues
> Task :expo:generateReleaseResources
> Task :expo-image-picker:generateReleaseResources
> Task :expo:packageReleaseResources
> Task :expo-json-utils:preBuild UP-TO-DATE
> Task :expo-json-utils:preReleaseBuild UP-TO-DATE
> Task :expo-image-picker:packageReleaseResources
> Task :expo-keep-awake:preBuild UP-TO-DATE
> Task :expo-keep-awake:preReleaseBuild UP-TO-DATE
> Task :expo-json-utils:generateReleaseResValues
> Task :expo-keep-awake:generateReleaseResValues
> Task :expo-json-utils:generateReleaseResources
> Task :expo-keep-awake:generateReleaseResources
> Task :expo-keep-awake:packageReleaseResources
> Task :expo-json-utils:packageReleaseResources
> Task :expo-manifests:preBuild UP-TO-DATE
> Task :expo-linking:preBuild UP-TO-DATE
> Task :expo-linking:preReleaseBuild UP-TO-DATE
> Task :expo-manifests:preReleaseBuild UP-TO-DATE
> Task :expo-linking:generateReleaseResValues
> Task :expo-manifests:generateReleaseResValues
> Task :expo-linking:generateReleaseResources
> Task :expo-constants:createExpoConfig
env: load .env
The NODE_ENV environment variable is required but was not specified. Ensure the project is bundled with Expo CLI or NODE_ENV is set.
Proceeding without mode-specific .env
env: export EXPO_PUBLIC_API_URL SUPABASE_KEY
> Task :expo-constants:preBuild
> Task :expo-constants:preReleaseBuild
> Task :expo-manifests:generateReleaseResources
> Task :expo-constants:generateReleaseResValues
> Task :expo-linking:packageReleaseResources
> Task :expo-modules-core:preBuild UP-TO-DATE
> Task :expo-modules-core:preReleaseBuild UP-TO-DATE
> Task :expo-constants:generateReleaseResources
> Task :expo-manifests:packageReleaseResources
> Task :expo-splash-screen:preBuild UP-TO-DATE
> Task :expo-splash-screen:preReleaseBuild UP-TO-DATE
> Task :expo-modules-core:generateReleaseResValues
> Task :expo-splash-screen:generateReleaseResValues
> Task :expo-splash-screen:generateReleaseResources
> Task :expo-constants:packageReleaseResources
> Task :expo-structured-headers:preBuild UP-TO-DATE
> Task :expo-structured-headers:preReleaseBuild UP-TO-DATE
> Task :expo-modules-core:generateReleaseResources
> Task :expo-structured-headers:generateReleaseResValues
> Task :expo-structured-headers:generateReleaseResources
> Task :expo-structured-headers:packageReleaseResources
> Task :expo-modules-core:packageReleaseResources
> Task :expo-system-ui:preBuild
UP-TO-DATE
> Task :expo-updates:preBuild
UP-TO-DATE
> Task :expo-updates:preReleaseBuild UP-TO-DATE
> Task :expo-system-ui:preReleaseBuild UP-TO-DATE
> Task :expo-system-ui:generateReleaseResValues
> Task :expo-updates:generateReleaseResValues
> Task :expo-updates:generateReleaseResources
> Task :expo-splash-screen:packageReleaseResources
> Task :expo-updates-interface:preBuild UP-TO-DATE
> Task :expo-updates-interface:preReleaseBuild UP-TO-DATE
> Task :expo-updates:packageReleaseResources
> Task :expo-web-browser:preBuild UP-TO-DATE
> Task :expo-updates-interface:generateReleaseResValues
> Task :expo-web-browser:preReleaseBuild UP-TO-DATE
> Task :expo-system-ui:generateReleaseResources
> Task :expo-web-browser:generateReleaseResValues
> Task :expo-updates-interface:generateReleaseResources
> Task :expo-web-browser:generateReleaseResources
> Task :expo-updates-interface:packageReleaseResources
> Task :expo-system-ui:packageReleaseResources
> Task :expo-web-browser:packageReleaseResources
> Task :react-native-async-storage_async-storage:generateCodegenSchemaFromJavaScript
> Task :react-native-gesture-handler:generateCodegenSchemaFromJavaScript
> Task :react-native-picker_picker:generateCodegenSchemaFromJavaScript
> Task :react-native-async-storage_async-storage:generateCodegenArtifactsFromSchema
> Task :react-native-async-storage_async-storage:preBuild
> Task :react-native-async-storage_async-storage:preReleaseBuild
> Task :react-native-async-storage_async-storage:generateReleaseResValues
> Task :react-native-async-storage_async-storage:generateReleaseResources
> Task :react-native-gesture-handler:generateCodegenArtifactsFromSchema
> Task :react-native-gesture-handler:preBuild
> Task :react-native-gesture-handler:preReleaseBuild
> Task :react-native-async-storage_async-storage:packageReleaseResources
> Task :react-native-reanimated:assertLatestReactNativeWithNewArchitectureTask SKIPPED
> Task :react-native-reanimated:assertMinimalReactNativeVersionTask SKIPPED
> Task :react-native-gesture-handler:generateReleaseResValues
> Task :react-native-gesture-handler:generateReleaseResources
> Task :react-native-gesture-handler:packageReleaseResources
> Task :react-native-picker_picker:generateCodegenArtifactsFromSchema
> Task :react-native-picker_picker:preBuild
> Task :react-native-picker_picker:preReleaseBuild
> Task :react-native-picker_picker:generateReleaseResValues
> Task :react-native-picker_picker:generateReleaseResources
> Task :react-native-picker_picker:packageReleaseResources
> Task :react-native-reanimated:generateCodegenSchemaFromJavaScript
> Task :react-native-safe-area-context:generateCodegenSchemaFromJavaScript
> Task :react-native-screens:generateCodegenSchemaFromJavaScript
> Task :react-native-reanimated:generateCodegenArtifactsFromSchema
> Task :react-native-safe-area-context:generateCodegenArtifactsFromSchema
> Task :react-native-safe-area-context:preBuild
> Task :react-native-safe-area-context:preReleaseBuild
> Task :react-native-safe-area-context:generateReleaseResValues
> Task :react-native-safe-area-context:generateReleaseResources
> Task :react-native-reanimated:prepareReanimatedHeadersForPrefabs
> Task :react-native-safe-area-context:packageReleaseResources
> Task :react-native-reanimated:prepareWorkletsHeadersForPrefabs
> Task :react-native-reanimated:preBuild
> Task :react-native-reanimated:preReleaseBuild
> Task :react-native-reanimated:generateReleaseResValues
> Task :react-native-reanimated:generateReleaseResources
> Task :react-native-reanimated:packageReleaseResources
> Task :react-native-screens:generateCodegenArtifactsFromSchema
> Task :react-native-screens:preBuild
> Task :react-native-screens:preReleaseBuild
> Task :react-native-screens:generateReleaseResValues
> Task :react-native-screens:generateReleaseResources
> Task :react-native-screens:packageReleaseResources
> Task :expo:extractDeepLinksRelease
> Task :react-native-svg:generateCodegenSchemaFromJavaScript
> Task :expo:processReleaseManifest
> Task :expo-asset:extractDeepLinksRelease
> Task :react-native-webview:generateCodegenSchemaFromJavaScript
> Task :expo-asset:processReleaseManifest
> Task :expo-blur:extractDeepLinksRelease
> Task :expo-blur:processReleaseManifest
> Task :expo-constants:extractDeepLinksRelease
> Task :expo-constants:processReleaseManifest
> Task :expo-eas-client:extractDeepLinksRelease
> Task :expo-eas-client:processReleaseManifest
> Task :expo-file-system:extractDeepLinksRelease
> Task :expo-file-system:processReleaseManifest
/home/expo/workingdir/build/farmconnect/frontend/node_modules/expo-file-system/android/src/main/AndroidManifest.xml:6:9-8:20 Warning:
	provider#expo.modules.filesystem.FileSystemFileProvider@android:authorities was tagged at AndroidManifest.xml:6 to replace other declarations but no other declaration present
> Task :expo-font:extractDeepLinksRelease
> Task :expo-font:processReleaseManifest
> Task :expo-haptics:extractDeepLinksRelease
> Task :app:createBundleReleaseJsAndAssets
env: load .env
env: export EXPO_PUBLIC_API_URL SUPABASE_KEY
Starting Metro Bundler
> Task :expo-haptics:processReleaseManifest
> Task :expo-image-loader:extractDeepLinksRelease
> Task :expo-image-loader:processReleaseManifest
> Task :expo-image-picker:extractDeepLinksRelease
> Task :react-native-svg:generateCodegenArtifactsFromSchema
> Task :react-native-svg:preBuild
> Task :react-native-svg:preReleaseBuild
> Task :react-native-svg:generateReleaseResValues
> Task :react-native-svg:generateReleaseResources
> Task :expo-image-picker:processReleaseManifest
> Task :expo-json-utils:extractDeepLinksRelease
> Task :react-native-svg:packageReleaseResources
> Task :expo-json-utils:processReleaseManifest
> Task :expo-keep-awake:extractDeepLinksRelease
> Task :expo-linking:extractDeepLinksRelease
> Task :react-native-webview:generateCodegenArtifactsFromSchema
> Task :react-native-webview:preBuild
> Task :react-native-webview:preReleaseBuild
> Task :expo-keep-awake:processReleaseManifest
> Task :expo-linking:processReleaseManifest
> Task :react-native-webview:generateReleaseResValues
> Task :expo-manifests:extractDeepLinksRelease
> Task :expo-modules-core:extractDeepLinksRelease
> Task :react-native-webview:generateReleaseResources
> Task :expo-modules-core:processReleaseManifest
/home/expo/workingdir/build/farmconnect/frontend/node_modules/expo-modules-core/android/src/main/AndroidManifest.xml:8:9-11:45 Warning:
	meta-data#com.facebook.soloader.enabled@android:value was tagged at AndroidManifest.xml:8 to replace other declarations but no other declaration present
> Task :react-native-webview:packageReleaseResources
> Task :expo-manifests:processReleaseManifest
> Task :expo-structured-headers:extractDeepLinksRelease
> Task :expo-splash-screen:extractDeepLinksRelease
> Task :expo-system-ui:extractDeepLinksRelease
> Task :expo-structured-headers:processReleaseManifest
> Task :expo-splash-screen:processReleaseManifest
> Task :expo-system-ui:processReleaseManifest
> Task :expo-updates:extractDeepLinksRelease
> Task :expo-updates-interface:extractDeepLinksRelease
> Task :expo-web-browser:extractDeepLinksRelease
> Task :expo-updates:processReleaseManifest
> Task :expo-web-browser:processReleaseManifest
> Task :react-native-async-storage_async-storage:extractDeepLinksRelease
> Task :expo-updates-interface:processReleaseManifest
> Task :react-native-gesture-handler:extractDeepLinksRelease
> Task :react-native-picker_picker:extractDeepLinksRelease
> Task :react-native-gesture-handler:processReleaseManifest
> Task :react-native-reanimated:extractDeepLinksRelease
> Task :react-native-picker_picker:processReleaseManifest
package="com.reactnativecommunity.picker" found in source AndroidManifest.xml: /home/expo/workingdir/build/farmconnect/frontend/node_modules/@react-native-picker/picker/android/src/main/AndroidManifest.xml.
Setting the namespace via the package attribute in the source AndroidManifest.xml is no longer supported, and the value is ignored.
Recommendation: remove package="com.reactnativecommunity.picker" from the source AndroidManifest.xml: /home/expo/workingdir/build/farmconnect/frontend/node_modules/@react-native-picker/picker/android/src/main/AndroidManifest.xml.
> Task :react-native-async-storage_async-storage:processReleaseManifest
package="com.reactnativecommunity.asyncstorage" found in source AndroidManifest.xml: /home/expo/workingdir/build/farmconnect/frontend/node_modules/@react-native-async-storage/async-storage/android/src/main/AndroidManifest.xml.
Setting the namespace via the package attribute in the source AndroidManifest.xml is no longer supported, and the value is ignored.
Recommendation: remove package="com.reactnativecommunity.asyncstorage" from the source AndroidManifest.xml: /home/expo/workingdir/build/farmconnect/frontend/node_modules/@react-native-async-storage/async-storage/android/src/main/AndroidManifest.xml.
> Task :react-native-safe-area-context:extractDeepLinksRelease
> Task :react-native-screens:extractDeepLinksRelease
> Task :react-native-reanimated:processReleaseManifest
> Task :react-native-svg:extractDeepLinksRelease
> Task :react-native-screens:processReleaseManifest
package="com.swmansion.rnscreens" found in source AndroidManifest.xml: /home/expo/workingdir/build/farmconnect/frontend/node_modules/react-native-screens/android/src/main/AndroidManifest.xml.
Setting the namespace via the package attribute in the source AndroidManifest.xml is no longer supported, and the value is ignored.
Recommendation: remove package="com.swmansion.rnscreens" from the source AndroidManifest.xml: /home/expo/workingdir/build/farmconnect/frontend/node_modules/react-native-screens/android/src/main/AndroidManifest.xml.
> Task :react-native-safe-area-context:processReleaseManifest
package="com.th3rdwave.safeareacontext" found in source AndroidManifest.xml: /home/expo/workingdir/build/farmconnect/frontend/node_modules/react-native-safe-area-context/android/src/main/AndroidManifest.xml.
Setting the namespace via the package attribute in the source AndroidManifest.xml is no longer supported, and the value is ignored.
Recommendation: remove package="com.th3rdwave.safeareacontext" from the source AndroidManifest.xml: /home/expo/workingdir/build/farmconnect/frontend/node_modules/react-native-safe-area-context/android/src/main/AndroidManifest.xml.
> Task :react-native-webview:extractDeepLinksRelease
> Task :react-native-svg:processReleaseManifest
package="com.horcrux.svg" found in source AndroidManifest.xml: /home/expo/workingdir/build/farmconnect/frontend/node_modules/react-native-svg/android/src/main/AndroidManifest.xml.
Setting the namespace via the package attribute in the source AndroidManifest.xml is no longer supported, and the value is ignored.
Recommendation: remove package="com.horcrux.svg" from the source AndroidManifest.xml: /home/expo/workingdir/build/farmconnect/frontend/node_modules/react-native-svg/android/src/main/AndroidManifest.xml.
> Task :react-native-webview:processReleaseManifest
> Task :expo-asset:writeReleaseAarMetadata
> Task :expo:writeReleaseAarMetadata
> Task :expo-blur:writeReleaseAarMetadata
> Task :expo-constants:writeReleaseAarMetadata
> Task :expo-eas-client:writeReleaseAarMetadata
> Task :expo-file-system:writeReleaseAarMetadata
> Task :expo-font:writeReleaseAarMetadata
> Task :expo-haptics:writeReleaseAarMetadata
> Task :expo-image-picker:writeReleaseAarMetadata
> Task :expo-image-loader:writeReleaseAarMetadata
> Task :expo-json-utils:writeReleaseAarMetadata
> Task :expo-keep-awake:writeReleaseAarMetadata
> Task :expo-linking:writeReleaseAarMetadata
> Task :expo-manifests:writeReleaseAarMetadata
> Task :expo-structured-headers:writeReleaseAarMetadata
> Task :expo-modules-core:writeReleaseAarMetadata
> Task :expo-splash-screen:writeReleaseAarMetadata
> Task :expo-updates:writeReleaseAarMetadata
> Task :expo-system-ui:writeReleaseAarMetadata
> Task :expo-updates-interface:writeReleaseAarMetadata
> Task :react-native-gesture-handler:writeReleaseAarMetadata
> Task :react-native-async-storage_async-storage:writeReleaseAarMetadata
> Task :expo-web-browser:writeReleaseAarMetadata
> Task :react-native-picker_picker:writeReleaseAarMetadata
> Task :react-native-safe-area-context:writeReleaseAarMetadata
> Task :react-native-reanimated:writeReleaseAarMetadata
> Task :react-native-svg:writeReleaseAarMetadata
> Task :react-native-screens:writeReleaseAarMetadata
> Task :react-native-webview:writeReleaseAarMetadata
> Task :expo-blur:compileReleaseLibraryResources
> Task :expo:compileReleaseLibraryResources
> Task :expo-asset:compileReleaseLibraryResources
> Task :expo-asset:parseReleaseLocalResources
> Task :expo:parseReleaseLocalResources
> Task :expo-blur:parseReleaseLocalResources
> Task :expo-blur:generateReleaseRFile
> Task :expo:generateReleaseRFile
> Task :expo-asset:generateReleaseRFile
> Task :expo-constants:compileReleaseLibraryResources
> Task :expo-eas-client:compileReleaseLibraryResources
> Task :expo-eas-client:parseReleaseLocalResources
> Task :expo-eas-client:generateReleaseRFile
> Task :expo-constants:parseReleaseLocalResources
> Task :expo-file-system:parseReleaseLocalResources
> Task :expo-constants:generateReleaseRFile
> Task :expo-font:compileReleaseLibraryResources
> Task :expo-file-system:generateReleaseRFile
> Task :expo-haptics:compileReleaseLibraryResources
> Task :expo-font:parseReleaseLocalResources
> Task :expo-haptics:parseReleaseLocalResources
> Task :expo-font:generateReleaseRFile
> Task :expo-image-loader:compileReleaseLibraryResources
> Task :expo-haptics:generateReleaseRFile
> Task :expo-image-loader:parseReleaseLocalResources
> Task :expo-file-system:compileReleaseLibraryResources
> Task :expo-image-picker:compileReleaseLibraryResources
> Task :expo-image-loader:generateReleaseRFile
> Task :expo-json-utils:compileReleaseLibraryResources
> Task :expo-image-picker:parseReleaseLocalResources
> Task :expo-keep-awake:compileReleaseLibraryResources
> Task :expo-json-utils:parseReleaseLocalResources
> Task :expo-image-picker:generateReleaseRFile
> Task :expo-linking:compileReleaseLibraryResources
> Task :expo-keep-awake:parseReleaseLocalResources
> Task :expo-json-utils:generateReleaseRFile
> Task :expo-linking:parseReleaseLocalResources
> Task :expo-manifests:compileReleaseLibraryResources
> Task :expo-keep-awake:generateReleaseRFile
> Task :expo-linking:generateReleaseRFile
> Task :expo-manifests:parseReleaseLocalResources
> Task :expo-modules-core:compileReleaseLibraryResources
> Task :expo-splash-screen:compileReleaseLibraryResources
> Task :expo-manifests:generateReleaseRFile
> Task :expo-modules-core:parseReleaseLocalResources
> Task :expo-splash-screen:parseReleaseLocalResources
> Task :expo-structured-headers:compileReleaseLibraryResources
> Task :expo-modules-core:generateReleaseRFile
> Task :expo-splash-screen:generateReleaseRFile
> Task :expo-structured-headers:parseReleaseLocalResources
> Task :expo-updates:compileReleaseLibraryResources
> Task :expo-system-ui:compileReleaseLibraryResources
> Task :expo-updates:parseReleaseLocalResources
> Task :expo-system-ui:parseReleaseLocalResources
> Task :expo-structured-headers:generateReleaseRFile
> Task :expo-updates-interface:compileReleaseLibraryResources
> Task :expo-system-ui:generateReleaseRFile
> Task :expo-updates:generateReleaseRFile
> Task :expo-web-browser:compileReleaseLibraryResources
> Task :expo-updates-interface:parseReleaseLocalResources
> Task :react-native-async-storage_async-storage:compileReleaseLibraryResources
> Task :expo-web-browser:parseReleaseLocalResources
> Task :expo-updates-interface:generateReleaseRFile
> Task :react-native-gesture-handler:compileReleaseLibraryResources
> Task :react-native-async-storage_async-storage:parseReleaseLocalResources
> Task :expo-web-browser:generateReleaseRFile
> Task :react-native-gesture-handler:parseReleaseLocalResources
> Task :react-native-async-storage_async-storage:generateReleaseRFile
> Task :react-native-reanimated:compileReleaseLibraryResources
> Task :react-native-gesture-handler:generateReleaseRFile
> Task :react-native-picker_picker:compileReleaseLibraryResources
> Task :react-native-reanimated:parseReleaseLocalResources
> Task :react-native-picker_picker:parseReleaseLocalResources
> Task :react-native-safe-area-context:compileReleaseLibraryResources
> Task :react-native-safe-area-context:parseReleaseLocalResources
> Task :react-native-reanimated:generateReleaseRFile
> Task :react-native-picker_picker:generateReleaseRFile
> Task :react-native-safe-area-context:generateReleaseRFile
> Task :react-native-svg:compileReleaseLibraryResources
> Task :react-native-svg:parseReleaseLocalResources
> Task :react-native-screens:parseReleaseLocalResources
> Task :react-native-screens:compileReleaseLibraryResources
> Task :react-native-screens:generateReleaseRFile
> Task :expo:checkKotlinGradlePluginConfigurationErrors
> Task :react-native-svg:generateReleaseRFile
> Task :expo-asset:checkKotlinGradlePluginConfigurationErrors
> Task :react-native-webview:compileReleaseLibraryResources
> Task :react-native-webview:parseReleaseLocalResources
> Task :expo-asset:generateReleaseBuildConfig
> Task :expo:generateReleaseBuildConfig
> Task :expo-modules-core:checkKotlinGradlePluginConfigurationErrors
> Task :expo-modules-core:generateReleaseBuildConfig
> Task :react-native-webview:generateReleaseRFile
> Task :expo-blur:checkKotlinGradlePluginConfigurationErrors
> Task :expo-asset:javaPreCompileRelease
> Task :expo-constants:checkKotlinGradlePluginConfigurationErrors
> Task :expo-blur:generateReleaseBuildConfig
> Task :expo-constants:generateReleaseBuildConfig
> Task :expo-blur:javaPreCompileRelease
> Task :expo-constants:javaPreCompileRelease
> Task :expo-file-system:checkKotlinGradlePluginConfigurationErrors
> Task :expo-eas-client:checkKotlinGradlePluginConfigurationErrors
> Task :expo-eas-client:generateReleaseBuildConfig
> Task :expo-file-system:generateReleaseBuildConfig
> Task :expo-file-system:javaPreCompileRelease
> Task :expo-font:checkKotlinGradlePluginConfigurationErrors
> Task :expo-eas-client:javaPreCompileRelease
> Task :expo-haptics:checkKotlinGradlePluginConfigurationErrors
> Task :expo-font:generateReleaseBuildConfig
> Task :expo-haptics:generateReleaseBuildConfig
> Task :expo-haptics:javaPreCompileRelease
> Task :expo-image-loader:checkKotlinGradlePluginConfigurationErrors
> Task :expo-font:javaPreCompileRelease
> Task :expo-image-picker:checkKotlinGradlePluginConfigurationErrors
> Task :expo-image-loader:generateReleaseBuildConfig
> Task :expo-image-picker:generateReleaseBuildConfig
> Task :expo-image-picker:javaPreCompileRelease
> Task :expo-json-utils:checkKotlinGradlePluginConfigurationErrors
> Task :expo-image-loader:javaPreCompileRelease
> Task :expo-keep-awake:checkKotlinGradlePluginConfigurationErrors
> Task :expo-keep-awake:generateReleaseBuildConfig
> Task :expo-json-utils:generateReleaseBuildConfig
> Task :expo-json-utils:javaPreCompileRelease
> Task :expo-linking:checkKotlinGradlePluginConfigurationErrors
> Task :expo-keep-awake:javaPreCompileRelease
> Task :expo-manifests:checkKotlinGradlePluginConfigurationErrors
> Task :expo-linking:generateReleaseBuildConfig
> Task :expo-manifests:generateReleaseBuildConfig
> Task :expo-manifests:javaPreCompileRelease
> Task :expo-splash-screen:checkKotlinGradlePluginConfigurationErrors
> Task :expo-linking:javaPreCompileRelease
> Task :expo-structured-headers:checkKotlinGradlePluginConfigurationErrors
> Task :expo-splash-screen:generateReleaseBuildConfig
> Task :expo-structured-headers:generateReleaseBuildConfig
> Task :expo-splash-screen:javaPreCompileRelease
> Task :expo-system-ui:checkKotlinGradlePluginConfigurationErrors
> Task :expo-structured-headers:javaPreCompileRelease
> Task :expo-updates:checkKotlinGradlePluginConfigurationErrors
> Task :expo-system-ui:generateReleaseBuildConfig
> Task :expo-updates:generateReleaseBuildConfig
> Task :expo-updates-interface:checkKotlinGradlePluginConfigurationErrors
> Task :expo-system-ui:javaPreCompileRelease
> Task :expo-updates-interface:generateReleaseBuildConfig
> Task :expo-updates-interface:javaPreCompileRelease
> Task :expo-web-browser:checkKotlinGradlePluginConfigurationErrors
> Task :expo-web-browser:generateReleaseBuildConfig
> Task :expo-web-browser:javaPreCompileRelease
> Task :expo:javaPreCompileRelease
> Task :react-native-gesture-handler:checkKotlinGradlePluginConfigurationErrors
> Task :react-native-gesture-handler:generateReleaseBuildConfig
> Task :react-native-reanimated:generateReleaseBuildConfig
> Task :react-native-reanimated:javaPreCompileRelease
> Task :react-native-reanimated:packageNdkLibs NO-SOURCE
> Task :app:createBundleReleaseJsAndAssets
Android Bundled 3728ms node_modules/expo-router/entry.js (1482 modules)
Writing bundle output to: /home/expo/workingdir/build/farmconnect/frontend/android/app/build/generated/assets/createBundleReleaseJsAndAssets/index.android.bundle
Writing sourcemap output to: /home/expo/workingdir/build/farmconnect/frontend/android/app/build/intermediates/sourcemaps/react/release/index.android.bundle.packager.map
Copying 45 asset files
Done writing bundle output
Done writing sourcemap output
> Task :expo-updates:javaPreCompileRelease
> Task :app:createBundleReleaseJsAndAssets
/home/expo/workingdir/build/farmconnect/frontend/android/app/build/generated/assets/createBundleReleaseJsAndAssets/index.android.bundle:2374:20: warning: the variable "Promise" was not declared in function "promiseMethodWrapper"
        return new Promise((resolve, reject) => {
                   ^~~~~~~
/home/expo/workingdir/build/farmconnect/frontend/android/app/build/generated/assets/createBundleReleaseJsAndAssets/index.android.bundle:2596:23: warning: the variable "DebuggerInternal" was not declared in function "__shouldPauseOnThrow"
        return typeof DebuggerInternal !== 'undefined' && DebuggerInternal.sh...
                      ^~~~~~~~~~~~~~~~
/home/expo/workingdir/build/farmconnect/frontend/android/app/build/generated/assets/createBundleReleaseJsAndAssets/index.android.bundle:3918:5: warning: the variable "setImmediate" was not declared in function "handleResolved"
    setImmediate(function () {
    ^~~~~~~~~~~~
/home/expo/workingdir/build/farmconnect/frontend/android/app/build/generated/assets/createBundleReleaseJsAndAssets/index.android.bundle:5271:94: warning: the variable "setTimeout" was not declared in anonymous arrow function " 237#"
...).then(callback).catch(error => setTimeout(() => {
                                   ^~~~~~~~~~
/home/expo/workingdir/build/farmconnect/frontend/android/app/build/generated/assets/createBundleReleaseJsAndAssets/index.android.bundle:7552:5: warning: the variable "Headers" was not declared in anonymous function " 310#"
    Headers,
    ^~~~~~~
/home/expo/workingdir/build/farmconnect/frontend/android/app/build/generated/assets/createBundleReleaseJsAndAssets/index.android.bundle:7553:5: warning: the variable "Request" was not declared in anonymous function " 310#"
    Request,
    ^~~~~~~
/home/expo/workingdir/build/farmconnect/frontend/android/app/build/generated/assets/createBundleReleaseJsAndAssets/index.android.bundle:7554:5: warning: the variable "Response" was not declared in anonymous function " 310#"
    Response
    ^~~~~~~~
/home/expo/workingdir/build/farmconnect/frontend/android/app/build/generated/assets/createBundleReleaseJsAndAssets/index.android.bundle:7711:24: warning: the variable "FileReader" was not declared in function "readBlobAsArrayBuffer"
      var reader = new FileReader();
                       ^~~~~~~~~~
/home/expo/workingdir/build/farmconnect/frontend/android/app/build/generated/assets/createBundleReleaseJsAndAssets/index.android.bundle:7762:36: warning: the variable "Blob" was not declared in anonymous function " 321#"
        } else if (support.blob && Blob.prototype.isPrototypeOf(body)) {
                                   ^~~~
/home/expo/workingdir/build/farmconnect/frontend/android/app/build/generated/assets/createBundleReleaseJsAndAssets/index.android.bundle:7764:40: warning: the variable "FormData" was not declared in anonymous function " 321#"
        } else if (support.formData && FormData.prototype.isPrototypeOf(body)) {
                                       ^~~~~~~~
/home/expo/workingdir/build/farmconnect/frontend/android/app/build/generated/assets/createBundleReleaseJsAndAssets/index.android.bundle:7766:44: warning: the variable "URLSearchParams" was not declared in anonymous function " 321#"
...e if (support.searchParams && URLSearchParams.prototype.isPrototypeOf(body...
                                 ^~~~~~~~~~~~~~~
/home/expo/workingdir/build/farmconnect/frontend/android/app/build/generated/assets/createBundleReleaseJsAndAssets/index.android.bundle:7885:26: warning: the variable "AbortController" was not declared in anonymous function " 327#"
          var ctrl = new AbortController();
                         ^~~~~~~~~~~~~~~
/home/expo/workingdir/build/farmconnect/frontend/android/app/build/generated/assets/createBundleReleaseJsAndAssets/index.android.bundle:8019:23: warning: the variable "XMLHttpRequest" was not declared in anonymous function " 331#"
        var xhr = new XMLHttpRequest();
                      ^~~~~~~~~~~~~~
/home/expo/workingdir/build/farmconnect/frontend/android/app/build/generated/assets/createBundleReleaseJsAndAssets/index.android.bundle:7564:71: warning: the variable "self" was not declared in anonymous function " 313#"
...undefined' && globalThis || typeof self !== 'undefined' && self ||
                                      ^~~~
/home/expo/workingdir/build/farmconnect/frontend/android/app/build/generated/assets/createBundleReleaseJsAndAssets/index.android.bundle:17153:31: warning: the variable "nativeFabricUIManager" was not declared in anonymous function " 644#"
  var _nativeFabricUIManage = nativeFabricUIManager,
                              ^~~~~~~~~~~~~~~~~~~~~
/home/expo/workingdir/build/farmconnect/frontend/android/app/build/generated/assets/createBundleReleaseJsAndAssets/index.android.bundle:17181:21: warning: the variable "clearTimeout" was not declared in anonymous function " 644#"
    cancelTimeout = clearTimeout;
                    ^~~~~~~~~~~~
/home/expo/workingdir/build/farmconnect/frontend/android/app/build/generated/assets/createBundleReleaseJsAndAssets/index.android.bundle:17194:51: warning: the variable "RN$enableMicrotasksInReact" was not declared in anonymous function " 644#"
... "undefined" !== typeof RN$enableMicrotasksInReact && !!RN$enableMicrotask...
                           ^~~~~~~~~~~~~~~~~~~~~~~~~~
/home/expo/workingdir/build/farmconnect/frontend/android/app/build/generated/assets/createBundleReleaseJsAndAssets/index.android.bundle:17195:47: warning: the variable "queueMicrotask" was not declared in anonymous function " 644#"
...otask = "function" === typeof queueMicrotask ? queueMicrotask : scheduleTi...
                                 ^~~~~~~~~~~~~~
/home/expo/workingdir/build/farmconnect/frontend/android/app/build/generated/assets/createBundleReleaseJsAndAssets/index.android.bundle:21616:30: warning: the variable "__REACT_DEVTOOLS_GLOBAL_HOOK__" was not declared in anonymous function " 644#"
  if ("undefined" !== typeof __REACT_DEVTOOLS_GLOBAL_HOOK__) {
                             ^~~~~~~~~~~~~~~~~~~~~~~~~~~~~~
/home/expo/workingdir/build/farmconnect/frontend/android/app/build/generated/assets/createBundleReleaseJsAndAssets/index.android.bundle:21754:26: warning: the variable "navigator" was not declared in anonymous function " 677#"
  "undefined" !== typeof navigator && undefined !== navigator.scheduling && u...
                         ^~~~~~~~~
/home/expo/workingdir/build/farmconnect/frontend/android/app/build/generated/assets/createBundleReleaseJsAndAssets/index.android.bundle:21864:37: warning: the variable "MessageChannel" was not declared in anonymous function " 677#"
  };else if ("undefined" !== typeof MessageChannel) {
                                    ^~~~~~~~~~~~~~
/home/expo/workingdir/build/farmconnect/frontend/android/app/build/generated/assets/createBundleReleaseJsAndAssets/index.android.bundle:21879:34: warning: the variable "nativeRuntimeScheduler" was not declared in anonymous function " 677#"
... = "undefined" !== typeof nativeRuntimeScheduler ? nativeRuntimeScheduler....
                             ^~~~~~~~~~~~~~~~~~~~~~
/home/expo/workingdir/build/farmconnect/frontend/android/app/build/generated/assets/createBundleReleaseJsAndAssets/index.android.bundle:32819:34: warning: the variable "requestAnimationFrame" was not declared in function "start 9#"
...    this._animationFrame = requestAnimationFrame(this.onUpdate.bind(this));
                              ^~~~~~~~~~~~~~~~~~~~~
/home/expo/workingdir/build/farmconnect/frontend/android/app/build/generated/assets/createBundleReleaseJsAndAssets/index.android.bundle:49475:11: warning: the variable "_WORKLET" was not declared in function "assertEasingIsWorklet"
      if (_WORKLET) {
          ^~~~~~~~
/home/expo/workingdir/build/farmconnect/frontend/android/app/build/generated/assets/createBundleReleaseJsAndAssets/index.android.bundle:51258:94: warning: the variable "location" was not declared in function "registerSensor 1#"
...(0, _PlatformChecker.isWeb)() && location.protocol !== 'https:' ? ' Make s...
                                    ^~~~~~~~
/home/expo/workingdir/build/farmconnect/frontend/android/app/build/generated/assets/createBundleReleaseJsAndAssets/index.android.bundle:51720:12: warning: the variable "__reanimatedLoggerConfig" was not declared in function "replaceLoggerImplementation"
        ...__reanimatedLoggerConfig,
           ^~~~~~~~~~~~~~~~~~~~~~~~
/home/expo/workingdir/build/farmconnect/frontend/android/app/build/generated/assets/createBundleReleaseJsAndAssets/index.android.bundle:52321:26: warning: Direct call to eval(), but lexical scope is not supported.
            workletFun = eval('(' + initData.code + '\n)');
                         ^~~~~~~~~~~~~~~~~~~~~~~~~~~~~~~~~
/home/expo/workingdir/build/farmconnect/frontend/android/app/build/generated/assets/createBundleReleaseJsAndAssets/index.android.bundle:52344
:112: warning: the variable "_toString" was not declared in function "valueUnpacker"
...recognized by value unpacker: "${_toString(objectToUnpack)}".`);
                                    ^~~~~~~~~
/home/expo/workingdir/build/farmconnect/frontend/android/app/build/generated/assets/createBundleReleaseJsAndAssets/index.android.bundle:69315:26: warning: the variable "structuredClone" was not declared in function "createAnimationWithInitialValues"
    var animationStyle = structuredClone(_config.AnimationsData[animationName...
                         ^~~~~~~~~~~~~~~
/home/expo/workingdir/build/farmconnect/frontend/android/app/build/generated/assets/createBundleReleaseJsAndAssets/index.android.bundle:69635:5: warning: the variable "document" was not declared in function "configureWebLayoutAnimations"
    document.getElementById(PREDEFINED_WEB_ANIMATIONS_ID) !== null) {
    ^~~~~~~~
/home/expo/workingdir/build/farmconnect/frontend/android/app/build/generated/assets/createBundleReleaseJsAndAssets/index.android.bundle:69730:27: warning: the variable "HTMLElement" was not declared in function "findDescendantWithExitingAnimation"
    if (!(node instanceof HTMLElement)) {
                          ^~~~~~~~~~~
/home/expo/workingdir/build/farmconnect/frontend/android/app/build/generated/assets/createBundleReleaseJsAndAssets/index.android.bundle:69756:24: warning: the variable "MutationObserver" was not declared in function "addHTMLMutationObserver"
    var observer = new MutationObserver(mutationsList => {
                       ^~~~~~~~~~~~~~~~
/home/expo/workingdir/build/farmconnect/frontend/android/app/build/generated/assets/createBundleReleaseJsAndAssets/index.android.bundle:69801:41: warning: the variable "getComputedStyle" was not declared in function "fixElementPosition"
...entBorderTopValue = parseInt(getComputedStyle(parent).borderTopWidth);
                                ^~~~~~~~~~~~~~~~
/home/expo/workingdir/build/farmconnect/frontend/android/app/build/generated/assets/createBundleReleaseJsAndAssets/index.android.bundle:73775:5: warning: the variable "jest" was not declared in arrow function "beforeTest"
    jest.useFakeTimers();
    ^~~~
/home/expo/workingdir/build/farmconnect/frontend/android/app/build/generated/assets/createBundleReleaseJsAndAssets/index.android.bundle:74352:26: warning: the variable "_getAnimationTimestamp" was not declared in function "computeEasingProgress"
      var elapsedTime = (_getAnimationTimestamp() - startingTimestamp) / 1000;
                         ^~~~~~~~~~~~~~~~~~~~~~
/home/expo/workingdir/build/farmconnect/frontend/android/app/build/generated/assets/createBundleReleaseJsAndAssets/index.android.bundle:79195:16: warning: the variable "SharedArrayBuffer" was not declared in function "from 1#"
    if (typeof SharedArrayBuffer !== 'undefined' && (isInstance(value, Shared...
               ^~~~~~~~~~~~~~~~~
/home/expo/workingdir/build/farmconnect/frontend/android/app/build/generated/assets/createBundleReleaseJsAndAssets/index.android.bundle:84488:26: warning: the variable "SuppressedError" was not declared in anonymous function " 2767#"
    "function" == typeof SuppressedError && SuppressedError;
                         ^~~~~~~~~~~~~~~
/home/expo/workingdir/build/farmconnect/frontend/android/app/build/generated/assets/createBundleReleaseJsAndAssets/index.android.bundle:92322:16: warning: Direct call to eval(), but lexical scope is not supported.
        return eval(body);
               ^~~~~~~~~~
/home/expo/workingdir/build/farmconnect/frontend/android/app/build/generated/assets/createBundleReleaseJsAndAssets/index.android.bundle:101019:9: warning: the variable "REACT_NAVIGATION_DEVTOOLS" was not declared in anonymous arrow function " 3685#"
        REACT_NAVIGATION_DEVTOOLS.set(refContainer.current, {
        ^~~~~~~~~~~~~~~~~~~~~~~~~
/home/expo/workingdir/build/farmconnect/frontend/android/app/build/generated/assets/createBundleReleaseJsAndAssets/index.android.bundle:109619:11: warning: the variable "cancelAnimationFrame" was not declared in function "cleanup 1#"
          cancelAnimationFrame(this.splashScreenAnimationFrame);
          ^~~~~~~~~~~~~~~~~~~~
/home/expo/workingdir/build/farmconnect/frontend/android/app/build/generated/assets/createBundleReleaseJsAndAssets/index.android.bundle:110832:16: warning: the variable "ReactNativeWebView" was not declared in function "emitDomEvent"
    if (typeof ReactNativeWebView !== 'undefined') {
               ^~~~~~~~~~~~~~~~~~
> Task :react-native-gesture-handler:javaPreCompileRelease
> Task :react-native-safe-area-context:checkKotlinGradlePluginConfigurationErrors
> Task :react-native-safe-area-context:generateReleaseBuildConfig
> Task :react-native-reanimated:compileReleaseJavaWithJavac
Note: Some input files use or override a deprecated API.
Note: Recompile with -Xlint:deprecation for details.
Note: Some input files use unchecked or unsafe operations.
Note: Recompile with -Xlint:unchecked for details.
> Task :react-native-safe-area-context:compileReleaseKotlin
w: file:///home/expo/workingdir/build/farmconnect/frontend/node_modules/react-native-safe-area-context/android/src/main/java/com/th3rdwave/safeareacontext/SafeAreaView.kt:59:23 'getter for uiImplementation: UIImplementation!' is deprecated. Deprecated in Java
> Task :expo-modules-core:javaPreCompileRelease
> Task :react-native-safe-area-context:javaPreCompileRelease
> Task :react-native-safe-area-context:compileReleaseJavaWithJavac
> Task :react-native-safe-area-context:bundleLibRuntimeToDirRelease
> Task :react-native-reanimated:bundleLibCompileToJarRelease
> Task :app:generateAutolinkingNewArchitectureFiles
> Task :app:generateAutolinkingPackageList
> Task :app:generateCodegenSchemaFromJavaScript SKIPPED
> Task :app:generateCodegenArtifactsFromSchema SKIPPED
> Task :app:preBuild
> Task :app:preReleaseBuild
> Task :app:generateReleaseResValues
> Task :react-native-screens:checkKotlinGradlePluginConfigurationErrors
> Task :react-native-screens:generateReleaseBuildConfig
> Task :app:mapReleaseSourceSetPaths
> Task :app:generateReleaseResources
> Task :expo-modules-core:compileReleaseKotlin
> Task :react-native-gesture-handler:compileReleaseKotlin
w: file:///home/expo/workingdir/build/farmconnect/frontend/node_modules/react-native-gesture-handler/android/src/main/java/com/swmansion/gesturehandler/RNGestureHandlerPackage.kt:69:42 'constructor ReactModuleInfo(String, String, Boolean, Boolean, Boolean, Boolean, Boolean)' is deprecated. use ReactModuleInfo(String, String, boolean, boolean, boolean, boolean)]
w: file:///home/expo/workingdir/build/farmconnect/frontend/node_modules/react-native-gesture-handler/android/src/main/java/com/swmansion/gesturehandler/core/FlingGestureHandler.kt:25:26 Parameter 'event' is never used
w: file:///home/expo/workingdir/build/farmconnect/frontend/node_modules/react-native-gesture-handler/android/src/main/java/com/swmansion/gesturehandler/react/RNGestureHandlerButtonViewManager.kt:72:62 The corresponding parameter in the supertype 'ViewGroupManager' is named 'borderRadius'. This may cause problems when calling this function with named arguments.
w: file:///home/expo/workingdir/build/farmconnect/frontend/node_modules/react-native-gesture-handler/android/src/main/java/com/swmansion/gesturehandler/react/RNGestureHandlerButtonViewManager.kt:77:63 The corresponding parameter in the supertype 'ViewGroupManager' is named 'borderRadius'. This may cause problems when calling this function with named arguments.
w: file:///home/expo/workingdir/build/farmconnect/frontend/node_modules/react-native-gesture-handler/android/src/main/java/com/swmansion/gesturehandler/react/RNGestureHandlerButtonViewManager.kt:82:65 The corresponding parameter in the supertype 'ViewGroupManager' is named 'borderRadius'. This may cause problems when calling this function with named arguments.
w: file:///home/expo/workingdir/build/farmconnect/frontend/node_modules/react-native-gesture-handler/android/src/main/java/com/swmansion/gesturehandler/react/RNGestureHandlerButtonViewManager.kt:87:66 The corresponding parameter in the supertype 'ViewGroupManager' is named 'borderRadius'. This may cause problems when calling this function with named arguments.
> Task :app:createReleaseCompatibleScreenManifests
> Task :app:extractDeepLinksRelease
> Task :app:mergeReleaseResources
> Task :react-native-gesture-handler:compileReleaseJavaWithJavac
> Task :react-native-gesture-handler:bundleLibRuntimeToDirRelease
> Task :app:processReleaseMainManifest
/home/expo/workingdir/build/farmconnect/frontend/android/app/src/main/AndroidManifest.xml Warning:
	provider#expo.modules.filesystem.FileSystemFileProvider@android:authorities was tagged at AndroidManifest.xml:0 to replace other declarations but no other declaration present
> Task :app:processReleaseManifest
> Task :app:processApplicationManifestReleaseForBundle
> Task :app:checkReleaseAarMetadata
> Task :app:packageReleaseResources
> Task :app:parseReleaseLocalResources
> Task :app:processReleaseManifestForPackage
> Task :react-native-screens:javaPreCompileRelease
> Task :react-native-webview:checkKotlinGradlePluginConfigurationErrors
> Task :react-native-webview:generateReleaseBuildConfig
> Task :app:processReleaseResources
> Task :app:bundleReleaseResources
> Task :app:extractReleaseVersionControlInfo
> Task :react-native-webview:javaPreCompileRelease
> Task :react-native-async-storage_async-storage:generateReleaseBuildConfig
> Task :react-native-async-storage_async-storage:javaPreCompileRelease
> Task :react-native-async-storage_async-storage:compileReleaseJavaWithJavac
/home/expo/workingdir/build/farmconnect/frontend/node_modules/@react-native-async-storage/async-storage/android/src/main/java/com/reactnativecommunity/asyncstorage/AsyncStorageModule.java:84: warning: [removal] onCatalystInstanceDestroy() in NativeModule has been deprecated and marked for removal
  public void onCatalystInstanceDestroy() {
              ^
Note: Some input files use or override a deprecated API.
Note: Recompile with -Xlint:deprecation for details.
Note: /home/expo/workingdir/build/farmconnect/frontend/node_modules/@react-native-async-storage/async-storage/android/src/javaPackage/java/com/reactnativecommunity/asyncstorage/AsyncStoragePackage.java uses unchecked or unsafe operations.
Note: Recompile with -Xlint:unchecked for details.
1 warning
> Task :react-native-async-storage_async-storage:bundleLibRuntimeToDirRelease
> Task :react-native-webview:compileReleaseKotlin
w: file:///home/expo/workingdir/build/farmconnect/frontend/node_modules/react-native-webview/android/src/main/java/com/reactnativecommunity/webview/RNCWebViewManagerImpl.kt:22:34 'MapBuilder' is deprecated. Deprecated in Java
w: file:///home/expo/workingdir/build/farmconnect/frontend/node_modules/react-native-webview/android/src/main/java/com/reactnativecommunity/webview/RNCWebViewManagerImpl.kt:40:71 Parameter 'webView' is never used, could be renamed to _
w: file:///home/expo/workingdir/build/farmconnect/frontend/node_modules/react-native-webview/android/src/main/java/com/reactnativecommunity/webview/RNCWebViewManagerImpl.kt:82:18 'setter for allowFileAccessFromFileURLs: Boolean' is deprecated. Deprecated in Java
w: file:///home/expo/workingdir/build/farmconnect/frontend/node_modules/react-native-webview/android/src/main/java/com/reactnativecommunity/webview/RNCWebViewManagerImpl.kt:83:18 'setter for allowUniversalAccessFromFileURLs: Boolean' is deprecated. Deprecated in Java
w: file:///home/expo/workingdir/build/farmconnect/frontend/node_modules/react-native-webview/android/src/main/java/com/reactnativecommunity/webview/RNCWebViewManagerImpl.kt:94:102 Parameter 'contentLength' is never used, could be renamed to _
w: file:///home/expo/workingdir/build/farmconnect/frontend/node_modules/react-native-webview/android/src/main/java/com/reactnativecommunity/webview/RNCWebViewManagerImpl.kt:111:32 Variable 'urlObj' initializer is redundant
w: file:///home/expo/workingdir/build/farmconnect/frontend/node_modules/react-native-webview/android/src/main/java/com/reactnativecommunity/webview/RNCWebViewManagerImpl.kt:125:21 'allowScanningByMediaScanner(): Unit' is deprecated. Deprecated in Java
w: file:///home/expo/workingdir/build/farmconnect/frontend/node_modules/react-native-webview/android/src/main/java/com/reactnativecommunity/webview/RNCWebViewManagerImpl.kt:162:36 'setter for systemUiVisibility: Int' is deprecated. Deprecated in Java
w: file:///home/expo/workingdir/build/farmconnect/frontend/node_modules/react-native-webview/android/src/main/java/com/reactnativecommunity/webview/RNCWebViewManagerImpl.kt:301:14 'MapBuilder' is deprecated. Deprecated in Java
w: file:///home/expo/workingdir/build/farmconnect/frontend/node_modules/react-native-webview/android/src/main/java/com/reactnativecommunity/webview/RNCWebViewManagerImpl.kt:344:15 Condition 'args == null' is always 'false'
w: file:///home/expo/workingdir/build/farmconnect/frontend/node_modules/react-native-webview/android/src/main/java/com/reactnativecommunity/webview/RNCWebViewManagerImpl.kt:353:34 Condition 'args != null' is always 'true'
w: file:///home/expo/workingdir/build/farmconnect/frontend/node_modules/react-native-webview/android/src/main/java/com/reactnativecommunity/webview/RNCWebViewManagerImpl.kt:372:38 'setter for allowUniversalAccessFromFileURLs: Boolean' is deprecated. Deprecated in Java
w: file:///home/expo/workingdir/build/farmconnect/frontend/node_modules/react-native-webview/android/src/main/java/com/reactnativecommunity/webview/RNCWebViewManagerImpl.kt:384:19 Parameter 'viewWrapper' is never used
w: file:///home/expo/workingdir/build/farmconnect/frontend/node_modules/react-native-webview/android/src/main/java/com/reactnativecommunity/webview/RNCWebViewManagerImpl.kt:433:51 Unchecked cast: Any to kotlin.collections.HashMap<String, String> /* = java.util.HashMap<String, String> */
w: file:///home/expo/workingdir/build/farmconnect/frontend/node_modules/react-native-webview/android/src/main/java/com/reactnativecommunity/webview/RNCWebViewManagerImpl.kt:489:23 'setter for savePassword: Boolean' is deprecated. Deprecated in Java
w: file:///home/expo/workingdir/build/farmconnect/frontend/node_modules/react-native-webview/android/src/main/java/com/reactnativecommunity/webview/RNCWebViewManagerImpl.kt:490:23 'setter for saveFormData: Boolean' is deprecated. Deprecated in Java
w: file:///home/expo/workingdir/build/farmconnect/frontend/node_modules/react-native-webview/android/src/main/java/com/reactnativecommunity/webview/RNCWebViewManagerImpl.kt:560:23 'setter for allowFileAccessFromFileURLs: Boolean' is deprecated. Deprecated in Java
w: file:///home/expo/workingdir/build/farmconnect/frontend/node_modules/react-native-webview/android/src/main/java/com/reactnativecommunity/webview/RNCWebViewManagerImpl.kt:661:65 Unchecked cast: ArrayList<Any> to List<Map<String, String>>
w: file:///home/expo/workingdir/build/farmconnect/frontend/node_modules/react-native-webview/android/src/main/java/com/reactnativecommunity/webview/RNCWebViewManagerImpl.kt:682:23 'setter for saveFormData: Boolean' is deprecated. Deprecated in Java
w: file:///home/expo/workingdir/build/farmconnect/frontend/node_modules/react-native-webview/android/src/main/java/com/reactnativecommunity/webview/RNCWebViewManagerImpl.kt:717:36 Parameter 'viewWrapper' is never used
w: file:///home/expo/workingdir/build/farmconnect/frontend/node_modules/react-native-webview/android/src/main/java/com/reactnativecommunity/webview/events/TopCustomMenuSelectionEvent.kt:5:44 'RCTEventEmitter' is deprecated. Deprecated in Java
w: file:///home/expo/workingdir/build/farmconnect/frontend/node_modules/react-native-webview/android/src/main/java/com/reactnativecommunity/webview/events/TopCustomMenuSelectionEvent.kt:11:3 'constructor Event<T : Event<(raw) Event<*>>!>(Int)' is deprecated. Deprecated in Java
w: file:///home/expo/workingdir/build/farmconnect/frontend/node_modules/react-native-webview/android/src/main/java/com/reactnativecommunity/webview/events/TopCustomMenuSelectionEvent.kt:22:42 'RCTEventEmitter' is deprecated. Deprecated in Java
w: file:///home/expo/workingdir/build/farmconnect/frontend/node_modules/react-native-webview/android/src/main/java/com/reactnativecommunity/webview/events/TopCustomMenuSelectionEvent.kt:23:21 'receiveEvent(Int, String!, WritableMap?): Unit' is deprecated. Deprecated in Java
w: file:///home/expo/workingdir/build/farmconnect/frontend/node_modules/react-native-webview/android/src/main/java/com/reactnativecommunity/webview/events/TopHttpErrorEvent.kt:5:44 'RCTEventEmitter' is deprecated. Deprecated in Java
w: file:///home/expo/workingdir/build/farmconnect/frontend/node_modules/react-native-webview/android/src/main/java/com/reactnativecommunity/webview/events/TopHttpErrorEvent.kt:11:3 'constructor Event<T : Event<(raw) Event<*>>!>(Int)' is deprecated. Deprecated in Java
w: file:///home/expo/workingdir/build/farmconnect/frontend/node_modules/react-native-webview/android/src/main/java/com/reactnativecommunity/webview/events/TopHttpErrorEvent.kt:22:42 'RCTEventEmitter' is deprecated. Deprecated in Java
w: file:///home/expo/workingdir/build/farmconnect/frontend/node_modules/react-native-webview/android/src/main/java/com/reactnativecommunity/webview/events/TopHttpErrorEvent.kt:23:21 'receiveEvent(Int, String!, WritableMap?): Unit' is deprecated. Deprecated in Java
w: file:///home/expo/workingdir/build/farmconnect/frontend/node_modules/react-native-webview/android/src/main/java/com/reactnativecommunity/webview/events/TopLoadingErrorEvent.kt:5:44 'RCTEventEmitter' is deprecated. Deprecated in Java
w: file:///home/expo/workingdir/build/farmconnect/frontend/node_modules/react-native-webview/android/src/main/java/com/reactnativecommunity/webview/events/TopLoadingErrorEvent.kt:11:3 'constructor Event<T : Event<(raw) Event<*>>!>(Int)' is deprecated. Deprecated in Java
w: file:///home/expo/workingdir/build/farmconnect/frontend/node_modules/react-native-webview/android/src/main/java/com/reactnativecommunity/webview/events/TopLoadingErrorEvent.kt:22:42 'RCTEventEmitter' is deprecated. Deprecated in Java
w: file:///home/expo/workingdir/build/farmconnect/frontend/node_modules/react-native-webview/android/src/main/java/com/reactnativecommunity/webview/events/TopLoadingErrorEvent.kt:23:21 'receiveEvent(Int, String!, WritableMap?): Unit' is deprecated. Deprecated in Java
w: file:///home/expo/workingdir/build/farmconnect/frontend/node_modules/react-native-webview/android/src/main/java/com/reactnativecommunity/webview/events/TopLoadingFinishEvent.kt:5:44 'RCTEventEmitter' is deprecated. Deprecated in Java
w: file:///home/expo/workingdir/build/farmconnect/frontend/node_modules/react-native-webview/android/src/main/java/com/reactnativecommunity/webview/events/TopLoadingFinishEvent.kt:11:3 'constructor Event<T : Event<(raw) Event<*>>!>(Int)' is deprecated. Deprecated in Java
w: file:///home/expo/workingdir/build/farmconnect/frontend/node_modules/react-native-webview/android/src/main/java/com/reactnativecommunity/webview/events/TopLoadingFinishEvent.kt:22:42 'RCTEventEmitter' is deprecated. Deprecated in Java
w: file:///home/expo/workingdir/build/farmconnect/frontend/node_modules/react-native-webview/android/src/main/java/com/reactnativecommunity/webview/events/TopLoadingFinishEvent.kt:23:21 'receiveEvent(Int, String!, WritableMap?): Unit' is deprecated. Deprecated in Java
w: file:///home/expo/workingdir/build/farmconnect/frontend/node_modules/react-native-webview/android/src/main/java/com/reactnativecommunity/webview/events/TopLoadingProgressEvent.kt:5:44 'RCTEventEmitter' is deprecated. Deprecated in Java
w: file:///home/expo/workingdir/build/farmconnect/frontend/node_modules/react-native-webview/android/src/main/java/com/reactnativecommunity/webview/events/TopLoadingProgressEvent.kt:11:3 'constructor Event<T : Event<(raw) Event<*>>!>(Int)' is deprecated. Deprecated in Java
w: file:///home/expo/workingdir/build/farmconnect/frontend/node_modules/react-native-webview/android/src/main/java/com/reactnativecommunity/webview/events/TopLoadingProgressEvent.kt:22:42 'RCTEventEmitter' is deprecated. Deprecated in Java
w: file:///home/expo/workingdir/build/farmconnect/frontend/node_modules/react-native-webview/android/src/main/java/com/reactnativecommunity/webview/events/TopLoadingProgressEvent.kt:23:21 'receiveEvent(Int, String!, WritableMap?): Unit' is deprecated. Deprecated in Java
w: file:///home/expo/workingdir/build/farmconnect/frontend/node_modules/react-native-webview/android/src/main/java/com/reactnativecommunity/webview/events/TopLoadingStartEvent.kt:5:44 'RCTEventEmitter' is deprecated. Deprecated in Java
w: file:///home/expo/workingdir/build/farmconnect/frontend/node_modules/react-native-webview/android/src/main/java/com/reactnativecommunity/webview/events/TopLoadingStartEvent.kt:11:3 'constructor Event<T : Event<(raw) Event<*>>!>(Int)' is deprecated. Deprecated in Java
w: file:///home/expo/workingdir/build/farmconnect/frontend/node_modules/react-native-webview/android/src/main/java/com/reactnativecommunity/webview/events/TopLoadingStartEvent.kt:22:42 'RCTEventEmitter' is deprecated. Deprecated in Java
w: file:///home/expo/workingdir/build/farmconnect/frontend/node_modules/react-native-webview/android/src/main/java/com/reactnativecommunity/webview/events/TopLoadingStartEvent.kt:23:21 'receiveEvent(Int, String!, WritableMap?): Unit' is deprecated. Deprecated in Java
w: file:///home/expo/workingdir/build/farmconnect/frontend/node_modules/react-native-webview/android/src/main/java/com/reactnativecommunity/webview/events/TopMessageEvent.kt:5:44 'RCTEventEmitter' is deprecated. Deprecated in Java
w: file:///home/expo/workingdir/build/farmconnect/frontend/node_modules/react-native-webview/android/src/main/java/com/reactnativecommunity/webview/events/TopMessageEvent.kt:10:75 'constructor Event<T : Event<(raw) Event<*>>!>(Int)' is deprecated. Deprecated in Java
w: file:///home/expo/workingdir/build/farmconnect/frontend/node_modules/react-native-webview/android/src/main/java/com/reactnativecommunity/webview/events/TopMessageEvent.kt:21:42 'RCTEventEmitter' is deprecated. Deprecated in Java
w: file:///home/expo/workingdir/build/farmconnect/frontend/node_modules/react-native-webview/android/src/main/java/com/reactnativecommunity/webview/events/TopMessageEvent.kt:22:21 'receiveEvent(Int, String!, WritableMap?): Unit' is deprecated. Deprecated in Java
w: file:///home/expo/workingdir/build/farmconnect/frontend/node_modules/react-native-webview/android/src/main/java/com/reactnativecommunity/webview/events/TopNewWindowEvent.kt:5:44 'RCTEventEmitter' is deprecated. Deprecated in Java
w: file:///home/expo/workingdir/build/farmconnect/frontend/node_modules/react-native-webview/android/src/main/java/com/reactnativecommunity/webview/events/TopNewWindowEvent.kt:11:3 'constructor Event<T : Event<(raw) Event<*>>!>(Int)' is deprecated. Deprecated in Java
w: file:///home/expo/workingdir/build/farmconnect/frontend/node_modules/react-native-webview/android/src/main/java/com/reactnativecommunity/webview/events/TopNewWindowEvent.kt:22:42 'RCTEventEmitter' is deprecated. Deprecated in Java
w: file:///home/expo/workingdir/build/farmconnect/frontend/node_modules/react-native-webview/android/src/main/java/com/reactnativecommunity/webview/events/TopNewWindowEvent.kt:23:21 'receiveEvent(Int, String!, WritableMap?): Unit' is deprecated. Deprecated in Java
w: file:///home/expo/workingdir/build/farmconnect/frontend/node_modules/react-native-webview/android/src/main/java/com/reactnativecommunity/webview/events/TopRenderProcessGoneEvent.kt:5:44 'RCTEventEmitter' is deprecated. Deprecated in Java
w: file:///home/expo/workingdir/build/farmconnect/frontend/node_modules/react-native-webview/android/src/main/java/com/reactnativecommunity/webview/events/TopRenderProcessGoneEvent.kt:12:3 'constructor Event<T : Event<(raw) Event<*>>!>(Int)' is deprecated. Deprecated in Java
w: file:///home/expo/workingdir/build/farmconnect/frontend/node_modules/react-native-webview/android/src/main/java/com/reactnativecommunity/webview/events/TopRenderProcessGoneEvent.kt:23:42 'RCTEventEmitter' is deprecated. Deprecated in Java
w: file:///home/expo/workingdir/build/farmconnect/frontend/node_modules/react-native-webview/android/src/main/java/com/reactnativecommunity/webview/events/TopRenderProcessGoneEvent.kt:24:21 'receiveEvent(Int, String!, WritableMap?): Unit' is deprecated. Deprecated in Java
w: file:///home/expo/workingdir/build/farmconnect/frontend/node_modules/react-native-webview/android/src/main/java/com/reactnativecommunity/webview/events/TopShouldStartLoadWithRequestEvent.kt:5:44 'RCTEventEmitter' is deprecated. Deprecated in Java
w: file:///home/expo/workingdir/build/farmconnect/frontend/node_modules/react-native-webview/android/src/main/java/com/reactnativecommunity/webview/events/TopShouldStartLoadWithRequestEvent.kt:10:89 'constructor Event<T : Event<(raw) Event<*>>!>(Int)' is deprecated. Deprecated in Java
w: file:///home/expo/workingdir/build/farmconnect/frontend/node_modules/react-native-webview/android/src/main/java/com/reactnativecommunity/webview/events/TopShouldStartLoadWithRequestEvent.kt:27:42 'RCTEventEmitter' is deprecated. Deprecated in Java
w: file:///home/expo/workingdir/build/farmconnect/frontend/node_modules/react-native-webview/android/src/main/java/com/reactnativecommunity/webview/events/TopShouldStartLoadWithRequestEvent.kt:28:21 'receiveEvent(Int, String!, WritableMap?): Unit' is deprecated. Deprecated in Java
> Task :react-native-picker_picker:generateReleaseBuildConfig
> Task :react-native-picker_picker:javaPreCompileRelease
> Task :react-native-picker_picker:compileReleaseJavaWithJavac
> Task :react-native-picker_picker:bundleLibRuntimeToDirRelease
Note: Some input files use or override a deprecated API.
Note: Recompile with -Xlint:deprecation for details.
> Task :react-native-webview:compileReleaseJavaWithJavac
Note: Some input files use or override a deprecated API.
Note: Recompile with -Xlint:deprecation for details.
> Task :react-native-webview:bundleLibRuntimeToDirRelease
> Task :react-native-reanimated:bundleLibRuntimeToDirRelease
> Task :react-native-svg:generateReleaseBuildConfig
> Task :react-native-svg:javaPreCompileRelease
> Task :react-native-svg:compileReleaseJavaWithJavac
/home/expo/workingdir/build/farmconnect/frontend/node_modules/react-native-svg/android/src/main/java/com/horcrux/svg/VirtualView.java:107: error: setPointerEvents(PointerEvents) in VirtualView cannot override setPointerEvents(PointerEvents) in ReactViewGroup
  void setPointerEvents(PointerEvents pointerEvents) {
       ^
  attempting to assign weaker access privileges; was public
/home/expo/workingdir/build/farmconnect/frontend/node_modules/react-native-svg/android/src/main/java/com/horcrux/svg/RenderableViewManager.java:370: warning: [removal] processTransform(ReadableArray,double[]) in TransformHelper has been deprecated and marked for removal
    TransformHelper.processTransform(transforms, sTransformDecompositionArray);
                   ^
/home/expo/workingdir/build/farmconnect/frontend/node_modules/react-native-svg/android/src/main/java/com/horcrux/svg/SvgViewManager.java:197: warning: [removal] setBorderRadius(ReactViewGroup,int,float) in ReactViewManager has been deprecated and marked for removal
    super.setBorderRadius(view, 6, value);
         ^
/home/expo/workingdir/build/farmconnect/frontend/node_modules/react-native-svg/android/src/main/java/com/horcrux/svg/SvgViewManager.java:202: warning: [removal] setBorderRadius(ReactViewGroup,int,float) in ReactViewManager has been deprecated and marked for removal
    super.setBorderRadius(view, 7, value);
         ^
/home/expo/workingdir/build/farmconnect/frontend/node_modules/react-native-svg/android/src/main/java/com/horcrux/svg/SvgViewManager.java:262: warning: [removal] setBorderRadius(ReactViewGroup,int,float) in ReactViewManager has been deprecated and marked for removal
    super.setBorderRadius(view, 8, value);
         ^
/home/expo/workingdir/build/farmconnect/frontend/node_modules/react-native-svg/android/src/main/java/com/horcrux/svg/SvgViewManager.java:282: warning: [removal] setBorderRadius(ReactViewGroup,int,float) in ReactViewManager has been deprecated and marked for removal
    super.setBorderRadius(view, 5, value);
         ^
/home/expo/workingdir/build/farmconnect/frontend/node_modules/react-native-svg/android/src/main/java/com/horcrux/svg/SvgViewManager.java:339: warning: [removal] setBorderRadius(ReactViewGroup,int,float) in ReactViewManager has been deprecated and marked for removal
    super.setBorderRadius(view, 0, (float) value);
         ^
/home/expo/workingdir/build/farmconnect/frontend/node_modules/react-native-svg/android/src/main/java/com/horcrux/svg/SvgViewManager.java:344: warning: [removal] setBorderRadius(ReactViewGroup,int,float) in ReactViewManager has been deprecated and marked for removal
    super.setBorderRadius(view, 1, (float) value);
         ^
/home/expo/workingdir/build/farmconnect/frontend/node_modules/react-native-svg/android/src/main/java/com/horcrux/svg/SvgViewManager.java:349: warning: [removal] setBorderRadius(ReactViewGroup,int,float) in ReactViewManager has been deprecated and marked for removal
    super.setBorderRadius(view, 2, (float) value);
         ^
/home/expo/workingdir/build/farmconnect/frontend/node_modules/react-native-svg/android/src/main/java/com/horcrux/svg/SvgViewManager.java:354: warning: [removal] setBorderRadius(ReactViewGroup,int,float) in ReactViewManager has been deprecated and marked for removal
    super.setBorderRadius(view, 3, (float) value);
         ^
/home/expo/workingdir/build/farmconnect/frontend/node_modules/react-native-svg/android/src/main/java/com/horcrux/svg/SvgViewManager.java:359: warning: [removal] setBorderRadius(ReactViewGroup,int,float) in ReactViewManager has been deprecated and marked for removal
    super.setBorderRadius(view, 4, (float) value);
         ^
Note: Some input files use or override a deprecated API.
Note: Recompile with -Xlint:deprecation for details.
Note: Some input files use unchecked or unsafe operations.
Note: Recompile with -Xlint:unchecked for details.
1 error
10 warnings
> Task :react-native-svg:compileReleaseJavaWithJavac FAILED
> Task :app:checkReleaseDuplicateClasses
> Task :react-native-screens:compileReleaseKotlin
w: file:///home/expo/workingdir/build/farmconnect/frontend/node_modules/react-native-screens/android/src/main/java/com/swmansion/rnscreens/CustomToolbar.kt:19:53 'FrameCallback' is deprecated. Use Choreographer.FrameCallback instead
w: file:///home/expo/workingdir/build/farmconnect/frontend/node_modules/react-native-screens/android/src/main/java/com/swmansion/rnscreens/CustomToolbar.kt:20:38 'FrameCallback' is deprecated. Use Choreographer.FrameCallback instead
w: file:///home/expo/workingdir/build/farmconnect/frontend/node_modules/react-native-screens/android/src/main/java/com/swmansion/rnscreens/RNScreensPackage.kt:64:17 'constructor ReactModuleInfo(String, String, Boolean, Boolean, Boolean, Boolean, Boolean)' is deprecated. use ReactModuleInfo(String, String, boolean, boolean, boolean, boolean)]
w: file:///home/expo/workingdir/build/farmconnect/frontend/node_modules/react-native-screens/android/src/main/java/com/swmansion/rnscreens/Screen.kt:45:77 Unchecked cast: CoordinatorLayout.Behavior<(raw) View!>? to BottomSheetBehavior<Screen>
w: file:///home/expo/workingdir/build/farmconnect/frontend/node_modules/react-native-screens/android/src/main/java/com/swmansion/rnscreens/ScreenContainer.kt:33:53 'FrameCallback' is deprecated. Use Choreographer.FrameCallback instead
w: file:///home/expo/workingdir/build/farmconnect/frontend/node_modules/react-native-screens/android/src/main/java/com/swmansion/rnscreens/ScreenContainer.kt:34:38 'FrameCallback' is deprecated. Use Choreographer.FrameCallback instead
w: file:///home/expo/workingdir/build/farmconnect/frontend/node_modules/react-native-screens/android/src/main/java/com/swmansion/rnscreens/ScreenFooter.kt:252:9 Parameter 'changed' is never used
w: file:///home/expo/workingdir/build/farmconnect/frontend/node_modules/react-native-screens/android/src/main/java/com/swmansion/rnscreens/ScreenFooter.kt:253:9 Parameter 'left' is never used
w: file:///home/expo/workingdir/build/farmconnect/frontend/node_modules/react-native-screens/android/src/main/java/com/swmansion/rnscreens/ScreenFooter.kt:254:9 Parameter 'top' is never used
w: file:///home/expo/workingdir/build/farmconnect/frontend/node_modules/react-native-screens/android/src/main/java/com/swmansion/rnscreens/ScreenFooter.kt:255:9 Parameter 'right' is never used
w: file:///home/expo/workingdir/build/farmconnect/frontend/node_modules/react-native-screens/android/src/main/java/com/swmansion/rnscreens/ScreenFooter.kt:256:9 Parameter 'bottom' is never used
w: file:///home/expo/workingdir/build/farmconnect/frontend/node_modules/react-native-screens/android/src/main/java/com/swmansion/rnscreens/ScreenStackFragment.kt:257:31 'setter for targetElevation: Float' is deprecated. Deprecated in Java
w: file:///home/expo/workingdir/build/farmconnect/frontend/node_modules/react-native-screens/android/src/main/java/com/swmansion/rnscreens/ScreenStackFragment.kt:260:13 'setHasOptionsMenu(Boolean): Unit' is deprecated. Deprecated in Java
w: file:///home/expo/workingdir/build/farmconnect/frontend/node_modules/react-native-screens/android/src/main/java/com/swmansion/rnscreens/ScreenStackFragment.kt:496:22 'onPrepareOptionsMenu(Menu): Unit' is deprecated. Deprecated in Java
w: file:///home/expo/workingdir/build/farmconnect/frontend/node_modules/react-native-screens/android/src/main/java/com/swmansion/rnscreens/ScreenStackFragment.kt:504:22 'onCreateOptionsMenu(Menu, MenuInflater): Unit' is deprecated. Deprecated in Java
w: file:///home/expo/workingdir/build/farmconnect/frontend/node_modules/react-native-screens/android/src/main/java/com/swmansion/rnscreens/ScreenStackHeaderConfig.kt:100:38 'getter for systemWindowInsetTop: Int' is deprecated. Deprecated in Java
w: file:///home/expo/workingdir/build/farmconnect/frontend/node_modules/react-native-screens/android/src/main/java/com/swmansion/rnscreens/ScreenStackHeaderConfigViewManager.kt:7:34 'MapBuilder' is deprecated. Deprecated in Java
w: file:///home/expo/workingdir/build/farmconnect/frontend/node_modules/react-native-screens/android/src/main/java/com/swmansion/rnscreens/ScreenStackHeaderConfigViewManager.kt:209:9 'MapBuilder' is deprecated. Deprecated in Java
w: file:///home/expo/workingdir/build/farmconnect/frontend/node_modules/react-native-screens/android/src/main/java/com/swmansion/rnscreens/ScreenStackHeaderConfigViewManager.kt:211:13 'MapBuilder' is deprecated. Deprecated in Java
w: file:///home/expo/workingdir/build/farmconnect/frontend/node_modules/react-native-screens/android/src/main/java/com/swmansion/rnscreens/ScreenStackHeaderConfigViewManager.kt:213:13 'MapBuilder' is deprecated. Deprecated in Java
w: file:///home/expo/workingdir/build/farmconnect/frontend/node_modules/react-native-screens/android/src/main/java/com/swmansion/rnscreens/ScreenViewManager.kt:7:34 'MapBuilder' is deprecated. Deprecated in Java
w: file:///home/expo/workingdir/build/farmconnect/frontend/node_modules/react-native-screens/android/src/main/java/com/swmansion/rnscreens/ScreenViewManager.kt:375:48 'MapBuilder' is deprecated. Deprecated in Java
w: file:///home/expo/workingdir/build/farmconnect/frontend/node_modules/react-native-screens/android/src/main/java/com/swmansion/rnscreens/ScreenViewManager.kt:376:49 'MapBuilder' is deprecated. Deprecated in Java
w: file:///home/expo/workingdir/build/farmconnect/frontend/node_modules/react-native-screens/android/src/main/java/com/swmansion/rnscreens/ScreenViewManager.kt:377:45 'MapBuilder' is deprecated. Deprecated in Java
w: file:///home/expo/workingdir/build/farmconnect/frontend/node_modules/react-native-screens/android/src/main/java/com/swmansion/rnscreens/ScreenViewManager.kt:378:52 'MapBuilder' is deprecated. Deprecated in Java
w: file:///home/expo/workingdir/build/farmconnect/frontend/node_modules/react-native-screens/android/src/main/java/com/swmansion/rnscreens/ScreenViewManager.kt:379:48 'MapBuilder' is deprecated. Deprecated in Java
w: file:///home/expo/workingdir/build/farmconnect/frontend/node_modules/react-native-screens/android/src/main/java/com/swmansion/rnscreens/ScreenViewManager.kt:380:51 'MapBuilder' is deprecated. Deprecated in Java
w: file:///home/expo/workingdir/build/farmconnect/frontend/node_modules/react-native-screens/android/src/main/java/com/swmansion/rnscreens/ScreenViewManager.kt:381:56 'MapBuilder' is deprecated. Deprecated in Java
w: file:///home/expo/workingdir/build/farmconnect/frontend/node_modules/react-native-screens/android/src/main/java/com/swmansion/rnscreens/ScreenViewManager.kt:382:57 'MapBuilder' is deprecated. Deprecated in Java
w: file:///home/expo/workingdir/build/farmconnect/frontend/node_modules/react-native-screens/android/src/main/java/com/swmansion/rnscreens/ScreenViewManager.kt:383:51 'MapBuilder' is deprecated. Deprecated in Java
w: file:///home/expo/workingdir/build/farmconnect/frontend/node_modules/react-native-screens/android/src/main/java/com/swmansion/rnscreens/ScreenWindowTraits.kt:55:42 'replaceSystemWindowInsets(Int, Int, Int, Int): WindowInsetsCompat' is deprecated. Deprecated in Java
w: file:///home/expo/workingdir/build/farmconnect/frontend/node_modules/react-native-screens/android/src/main/java/com/swmansion/rnscreens/ScreenWindowTraits.kt:56:39 'getter for systemWindowInsetLeft: Int' is deprecated. Deprecated in Java
w: file:///home/expo/workingdir/build/farmconnect/frontend/node_modules/react-native-screens/android/src/main/java/com/swmansion/rnscreens/ScreenWindowTraits.kt:58:39 'getter for systemWindowInsetRight: Int' is deprecated. Deprecated in Java
w: file:///home/expo/workingdir/build/farmconnect/frontend/node_modules/react-native-screens/android/src/main/java/com/swmansion/rnscreens/ScreenWindowTraits.kt:59:39 'getter for systemWindowInsetBottom: Int' is deprecated. Deprecated in Java
w: file:///home/expo/workingdir/build/farmconnect/frontend/node_modules/react-native-screens/android/src/main/java/com/swmansion/rnscreens/ScreenWindowTraits.kt:98:53 'getter for statusBarColor: Int' is deprecated. Deprecated in Java
w: file:///home/expo/workingdir/build/farmconnect/frontend/node_modules/react-native-screens/android/src/main/java/com/swmansion/rnscreens/ScreenWindowTraits.kt:109:48 'getter for statusBarColor: Int' is deprecated. Deprecated in Java
w: file:///home/expo/workingdir/build/farmconnect/frontend/node_modules/react-native-screens/android/src/main/java/com/swmansion/rnscreens/ScreenWindowTraits.kt:112:32 'setter for statusBarColor: Int' is deprecated. Deprecated in Java
w: file:///home/expo/workingdir/build/farmconnect/frontend/node_modules/react-native-screens/android/src/main/java/com/swmansion/rnscreens/ScreenWindowTraits.kt:208:72 'getter for navigationBarColor: Int' is deprecated. Deprecated in Java
w: file:///home/expo/workingdir/build/farmconnect/frontend/node_modules/react-native-screens/android/src/main/java/com/swmansion/rnscreens/ScreenWindowTraits.kt:214:16 'setter for navigationBarColor: Int' is deprecated. Deprecated in Java
w: file:///home/expo/workingdir/build/farmconnect/frontend/node_modules/react-native-screens/android/src/main/java/com/swmansion/rnscreens/SearchBarManager.kt:5:34 'MapBuilder' is deprecated. Deprecated in Java
w: file:///home/expo/workingdir/build/farmconnect/frontend/node_modules/react-native-screens/android/src/main/java/com/swmansion/rnscreens/SearchBarManager.kt:138:66 Elvis operator (?:) always returns the left operand of non-nullable type Boolean
w: file:///home/expo/workingdir/build/farmconnect/frontend/node_modules/react-native-screens/android/src/main/java/com/swmansion/rnscreens/SearchBarManager.kt:142:9 'MapBuilder' is deprecated. Deprecated in Java
w: file:///home/expo/workingdir/build/farmconnect/frontend/node_modules/react-native-screens/android/src/main/java/com/swmansion/rnscreens/SearchBarManager.kt:144:13 'MapBuilder' is deprecated. Deprecated in Java
w: file:///home/expo/workingdir/build/farmconnect/frontend/node_modules/react-native-screens/android/src/main/java/com/swmansion/rnscreens/SearchBarManager.kt:146:13 'MapBuilder' is deprecated. Deprecated in Java
w: file:///home/expo/workingdir/build/farmconnect/frontend/node_modules/react-native-screens/android/src/main/java/com/swmansion/rnscreens/SearchBarManager.kt:148:13 'MapBuilder' is deprecated. Deprecated in Java
w: file:///home/expo/workingdir/build/farmconnect/frontend/node_modules/react-native-screens/android/src/main/java/com/swmansion/rnscreens/SearchBarManager.kt:150:13 'MapBuilder' is deprecated. Deprecated in Java
w: file:///home/expo/workingdir/build/farmconnect/frontend/node_modules/react-native-screens/android/src/main/java/com/swmansion/rnscreens/SearchBarManager.kt:152:13 'MapBuilder' is deprecated. Deprecated in Java
w: file:///home/expo/workingdir/build/farmconnect/frontend/node_modules/react-native-screens/android/src/main/java/com/swmansion/rnscreens/SearchBarManager.kt:154:13 'MapBuilder' is deprecated. Deprecated in Java
w: file:///home/expo/workingdir/build/farmconnect/frontend/node_modules/react-native-screens/android/src/main/java/com/swmansion/rnscreens/SearchBarView.kt:153:43 Parameter 'flag' is never used
w: file:///home/expo/workingdir/build/farmconnect/frontend/node_modules/react-native-screens/android/src/main/java/com/swmansion/rnscreens/bottomsheet/BottomSheetDialogRootView.kt:7:34 'ReactFeatureFlags' is deprecated. Deprecated in Java
w: file:///home/expo/workingdir/build/farmconnect/frontend/node_modules/react-native-screens/android/src/main/java/com/swmansion/rnscreens/bottomsheet/BottomSheetDialogRootView.kt:25:13 'ReactFeatureFlags' is deprecated. Deprecated in Java
FAILURE: Build failed with an exception.
* What went wrong:
Execution failed for task ':react-native-svg:compileReleaseJavaWithJavac'.
> Compilation failed; see the compiler error output for details.
* Try:
> Run with --info option to get more log output.
> Run with --scan to get full insights.
BUILD FAILED in 2m 51s
421 actionable tasks: 421 executed
Error: Gradle build failed with unknown error. See logs for the "Run gradlew" phase for more information.